2023-04-03T05:28:35+00:00 CRITICAL Uncaught Error: Call to a member function add_to_cart_url() on string in C:\xampp\htdocs\wordpress\ongbong\wp-content\themes\oceanwp\woocommerce\single-product.php:69
Stack trace:
#0 C:\xampp\htdocs\wordpress\ongbong\wp-includes\template-loader.php(106): include()
#1 C:\xampp\htdocs\wordpress\ongbong\wp-blog-header.php(19): require_once('C:\\xampp\\htdocs...')
#2 C:\xampp\htdocs\wordpress\ongbong\index.php(17): require('C:\\xampp\\htdocs...')
#3 {main}
  thrown in C:\xampp\htdocs\wordpress\ongbong\wp-content\themes\oceanwp\woocommerce\single-product.php on line 69

2023-04-03T05:32:48+00:00 CRITICAL Uncaught Error: Call to a member function get_id() on string in C:\xampp\htdocs\wordpress\ongbong\wp-content\themes\oceanwp\woocommerce\single-product.php:64
Stack trace:
#0 C:\xampp\htdocs\wordpress\ongbong\wp-includes\template-loader.php(106): include()
#1 C:\xampp\htdocs\wordpress\ongbong\wp-blog-header.php(19): require_once('C:\\xampp\\htdocs...')
#2 C:\xampp\htdocs\wordpress\ongbong\index.php(17): require('C:\\xampp\\htdocs...')
#3 {main}
  thrown in C:\xampp\htdocs\wordpress\ongbong\wp-content\themes\oceanwp\woocommerce\single-product.php on line 64

2023-04-03T05:35:23+00:00 CRITICAL Uncaught Error: Call to a member function get_image_id() on string in C:\xampp\htdocs\wordpress\ongbong\wp-content\themes\oceanwp\woocommerce\single-product.php:6
Stack trace:
#0 C:\xampp\htdocs\wordpress\ongbong\wp-includes\template-loader.php(106): include()
#1 C:\xampp\htdocs\wordpress\ongbong\wp-blog-header.php(19): require_once('C:\\xampp\\htdocs...')
#2 C:\xampp\htdocs\wordpress\ongbong\index.php(17): require('C:\\xampp\\htdocs...')
#3 {main}
  thrown in C:\xampp\htdocs\wordpress\ongbong\wp-content\themes\oceanwp\woocommerce\single-product.php on line 6

2023-04-03T05:36:16+00:00 CRITICAL Uncaught Error: Call to a member function get_image_id() on string in C:\xampp\htdocs\wordpress\ongbong\wp-content\themes\oceanwp\woocommerce\single-product.php:6
Stack trace:
#0 C:\xampp\htdocs\wordpress\ongbong\wp-includes\template-loader.php(106): include()
#1 C:\xampp\htdocs\wordpress\ongbong\wp-blog-header.php(19): require_once('C:\\xampp\\htdocs...')
#2 C:\xampp\htdocs\wordpress\ongbong\index.php(17): require('C:\\xampp\\htdocs...')
#3 {main}
  thrown in C:\xampp\htdocs\wordpress\ongbong\wp-content\themes\oceanwp\woocommerce\single-product.php on line 6

2023-04-03T04:47:48+00:00 CRITICAL Uncaught Error: Call to a member function get_image_id() on string in C:\xampp\htdocs\wordpress\ongbong\wp-content\themes\oceanwp\woocommerce\single-product.php:6
Stack trace:
#0 C:\xampp\htdocs\wordpress\ongbong\wp-includes\template-loader.php(106): include()
#1 C:\xampp\htdocs\wordpress\ongbong\wp-blog-header.php(19): require_once('C:\\xampp\\htdocs...')
#2 C:\xampp\htdocs\wordpress\ongbong\index.php(17): require('C:\\xampp\\htdocs...')
#3 {main}
  thrown in C:\xampp\htdocs\wordpress\ongbong\wp-content\themes\oceanwp\woocommerce\single-product.php on line 6

2023-04-03T04:51:03+00:00 CRITICAL Uncaught Error: Call to a member function get_image_id() on string in C:\xampp\htdocs\wordpress\ongbong\wp-content\themes\oceanwp\woocommerce\single-product.php:6
Stack trace:
#0 C:\xampp\htdocs\wordpress\ongbong\wp-includes\template-loader.php(106): include()
#1 C:\xampp\htdocs\wordpress\ongbong\wp-blog-header.php(19): require_once('C:\\xampp\\htdocs...')
#2 C:\xampp\htdocs\wordpress\ongbong\index.php(17): require('C:\\xampp\\htdocs...')
#3 {main}
  thrown in C:\xampp\htdocs\wordpress\ongbong\wp-content\themes\oceanwp\woocommerce\single-product.php on line 6

2023-04-03T04:51:21+00:00 CRITICAL Uncaught Error: Call to a member function get_image_id() on string in C:\xampp\htdocs\wordpress\ongbong\wp-content\themes\oceanwp\woocommerce\single-product.php:6
Stack trace:
#0 C:\xampp\htdocs\wordpress\ongbong\wp-includes\template-loader.php(106): include()
#1 C:\xampp\htdocs\wordpress\ongbong\wp-blog-header.php(19): require_once('C:\\xampp\\htdocs...')
#2 C:\xampp\htdocs\wordpress\ongbong\index.php(17): require('C:\\xampp\\htdocs...')
#3 {main}
  thrown in C:\xampp\htdocs\wordpress\ongbong\wp-content\themes\oceanwp\woocommerce\single-product.php on line 6

2023-04-03T04:51:29+00:00 CRITICAL Uncaught Error: Call to a member function get_image_id() on string in C:\xampp\htdocs\wordpress\ongbong\wp-content\themes\oceanwp\woocommerce\single-product.php:6
Stack trace:
#0 C:\xampp\htdocs\wordpress\ongbong\wp-includes\template-loader.php(106): include()
#1 C:\xampp\htdocs\wordpress\ongbong\wp-blog-header.php(19): require_once('C:\\xampp\\htdocs...')
#2 C:\xampp\htdocs\wordpress\ongbong\index.php(17): require('C:\\xampp\\htdocs...')
#3 {main}
  thrown in C:\xampp\htdocs\wordpress\ongbong\wp-content\themes\oceanwp\woocommerce\single-product.php on line 6

2023-04-03T04:51:47+00:00 CRITICAL Uncaught Error: Call to a member function get_image_id() on string in C:\xampp\htdocs\wordpress\ongbong\wp-content\themes\oceanwp\woocommerce\single-product.php:6
Stack trace:
#0 C:\xampp\htdocs\wordpress\ongbong\wp-includes\template-loader.php(106): include()
#1 C:\xampp\htdocs\wordpress\ongbong\wp-blog-header.php(19): require_once('C:\\xampp\\htdocs...')
#2 C:\xampp\htdocs\wordpress\ongbong\index.php(17): require('C:\\xampp\\htdocs...')
#3 {main}
  thrown in C:\xampp\htdocs\wordpress\ongbong\wp-content\themes\oceanwp\woocommerce\single-product.php on line 6

2023-04-03T04:51:56+00:00 CRITICAL Uncaught Error: Call to a member function get_image_id() on string in C:\xampp\htdocs\wordpress\ongbong\wp-content\themes\oceanwp\woocommerce\single-product.php:6
Stack trace:
#0 C:\xampp\htdocs\wordpress\ongbong\wp-includes\template-loader.php(106): include()
#1 C:\xampp\htdocs\wordpress\ongbong\wp-blog-header.php(19): require_once('C:\\xampp\\htdocs...')
#2 C:\xampp\htdocs\wordpress\ongbong\index.php(17): require('C:\\xampp\\htdocs...')
#3 {main}
  thrown in C:\xampp\htdocs\wordpress\ongbong\wp-content\themes\oceanwp\woocommerce\single-product.php on line 6

2023-04-03T04:52:27+00:00 CRITICAL Uncaught Error: Call to a member function get_image_id() on string in C:\xampp\htdocs\wordpress\ongbong\wp-content\themes\oceanwp\woocommerce\single-product.php:6
Stack trace:
#0 C:\xampp\htdocs\wordpress\ongbong\wp-includes\template-loader.php(106): include()
#1 C:\xampp\htdocs\wordpress\ongbong\wp-blog-header.php(19): require_once('C:\\xampp\\htdocs...')
#2 C:\xampp\htdocs\wordpress\ongbong\index.php(17): require('C:\\xampp\\htdocs...')
#3 {main}
  thrown in C:\xampp\htdocs\wordpress\ongbong\wp-content\themes\oceanwp\woocommerce\single-product.php on line 6

2023-04-03T04:52:39+00:00 CRITICAL Uncaught Error: Call to a member function get_image_id() on string in C:\xampp\htdocs\wordpress\ongbong\wp-content\themes\oceanwp\woocommerce\single-product.php:6
Stack trace:
#0 C:\xampp\htdocs\wordpress\ongbong\wp-includes\template-loader.php(106): include()
#1 C:\xampp\htdocs\wordpress\ongbong\wp-blog-header.php(19): require_once('C:\\xampp\\htdocs...')
#2 C:\xampp\htdocs\wordpress\ongbong\index.php(17): require('C:\\xampp\\htdocs...')
#3 {main}
  thrown in C:\xampp\htdocs\wordpress\ongbong\wp-content\themes\oceanwp\woocommerce\single-product.php on line 6

2023-04-03T04:52:48+00:00 CRITICAL Uncaught Error: Call to a member function get_image_id() on string in C:\xampp\htdocs\wordpress\ongbong\wp-content\themes\oceanwp\woocommerce\single-product.php:6
Stack trace:
#0 C:\xampp\htdocs\wordpress\ongbong\wp-includes\template-loader.php(106): include()
#1 C:\xampp\htdocs\wordpress\ongbong\wp-blog-header.php(19): require_once('C:\\xampp\\htdocs...')
#2 C:\xampp\htdocs\wordpress\ongbong\index.php(17): require('C:\\xampp\\htdocs...')
#3 {main}
  thrown in C:\xampp\htdocs\wordpress\ongbong\wp-content\themes\oceanwp\woocommerce\single-product.php on line 6

2023-04-03T04:53:15+00:00 CRITICAL Uncaught Error: Call to a member function get_image_id() on string in C:\xampp\htdocs\wordpress\ongbong\wp-content\themes\oceanwp\woocommerce\single-product.php:6
Stack trace:
#0 C:\xampp\htdocs\wordpress\ongbong\wp-includes\template-loader.php(106): include()
#1 C:\xampp\htdocs\wordpress\ongbong\wp-blog-header.php(19): require_once('C:\\xampp\\htdocs...')
#2 C:\xampp\htdocs\wordpress\ongbong\index.php(17): require('C:\\xampp\\htdocs...')
#3 {main}
  thrown in C:\xampp\htdocs\wordpress\ongbong\wp-content\themes\oceanwp\woocommerce\single-product.php on line 6

2023-04-03T04:54:23+00:00 CRITICAL Uncaught Error: Call to a member function get_image_id() on string in C:\xampp\htdocs\wordpress\ongbong\wp-content\themes\oceanwp\woocommerce\single-product.php:6
Stack trace:
#0 C:\xampp\htdocs\wordpress\ongbong\wp-includes\template-loader.php(106): include()
#1 C:\xampp\htdocs\wordpress\ongbong\wp-blog-header.php(19): require_once('C:\\xampp\\htdocs...')
#2 C:\xampp\htdocs\wordpress\ongbong\index.php(17): require('C:\\xampp\\htdocs...')
#3 {main}
  thrown in C:\xampp\htdocs\wordpress\ongbong\wp-content\themes\oceanwp\woocommerce\single-product.php on line 6

2023-04-03T04:57:30+00:00 CRITICAL Uncaught Error: Call to a member function get_image_id() on string in C:\xampp\htdocs\wordpress\ongbong\wp-content\themes\oceanwp\woocommerce\single-product.php:6
Stack trace:
#0 C:\xampp\htdocs\wordpress\ongbong\wp-includes\template-loader.php(106): include()
#1 C:\xampp\htdocs\wordpress\ongbong\wp-blog-header.php(19): require_once('C:\\xampp\\htdocs...')
#2 C:\xampp\htdocs\wordpress\ongbong\index.php(17): require('C:\\xampp\\htdocs...')
#3 {main}
  thrown in C:\xampp\htdocs\wordpress\ongbong\wp-content\themes\oceanwp\woocommerce\single-product.php on line 6

2023-04-03T04:58:52+00:00 CRITICAL Uncaught Error: Call to a member function get_image_id() on string in C:\xampp\htdocs\wordpress\ongbong\wp-content\themes\oceanwp\woocommerce\single-product.php:6
Stack trace:
#0 C:\xampp\htdocs\wordpress\ongbong\wp-includes\template-loader.php(106): include()
#1 C:\xampp\htdocs\wordpress\ongbong\wp-blog-header.php(19): require_once('C:\\xampp\\htdocs...')
#2 C:\xampp\htdocs\wordpress\ongbong\index.php(17): require('C:\\xampp\\htdocs...')
#3 {main}
  thrown in C:\xampp\htdocs\wordpress\ongbong\wp-content\themes\oceanwp\woocommerce\single-product.php on line 6

2023-04-03T04:59:44+00:00 CRITICAL Uncaught Error: Call to a member function get_image_id() on string in C:\xampp\htdocs\wordpress\ongbong\wp-content\themes\oceanwp\woocommerce\single-product.php:6
Stack trace:
#0 C:\xampp\htdocs\wordpress\ongbong\wp-includes\template-loader.php(106): include()
#1 C:\xampp\htdocs\wordpress\ongbong\wp-blog-header.php(19): require_once('C:\\xampp\\htdocs...')
#2 C:\xampp\htdocs\wordpress\ongbong\index.php(17): require('C:\\xampp\\htdocs...')
#3 {main}
  thrown in C:\xampp\htdocs\wordpress\ongbong\wp-content\themes\oceanwp\woocommerce\single-product.php on line 6

2023-04-03T05:01:25+00:00 CRITICAL Uncaught Error: Call to a member function get_id() on string in C:\xampp\htdocs\wordpress\ongbong\wp-content\themes\oceanwp\woocommerce\single-product.php:7
Stack trace:
#0 C:\xampp\htdocs\wordpress\ongbong\wp-includes\template-loader.php(106): include()
#1 C:\xampp\htdocs\wordpress\ongbong\wp-blog-header.php(19): require_once('C:\\xampp\\htdocs...')
#2 C:\xampp\htdocs\wordpress\ongbong\index.php(17): require('C:\\xampp\\htdocs...')
#3 {main}
  thrown in C:\xampp\htdocs\wordpress\ongbong\wp-content\themes\oceanwp\woocommerce\single-product.php on line 7

